<?xml version="1.0" encoding="UTF-8"?><testsuite errors="0" failures="1" name="Cambiar apodo en GeForce NOW" skipped="0" tests="1" time="67.91" timestamp="2025-05-22 07:48:07"><testcase name="Usuario inicia sesión y actualiza su apodo"><failure message="Expected validacion apodo&#13;&#10;Expected: is &lt;true&gt;&#13;&#10;     but: was &lt;false&gt;" type="java.lang.AssertionError">Expected validacion apodo&#13;
Expected: is &lt;true&gt;&#13;
     but: was &lt;false&gt;</failure><system-err>Expected validacion apodo&#13;
Expected: is &lt;true&gt;&#13;
     but: was &lt;false&gt;&#13;
co.com.AutoGfn.stepsdefinitions.GeforceNowStepDefinitions.deberiaVerApodoActualizado(GeforceNowStepDefinitions.java:39)&#13;
✽.debería ver mi apodo actualizado(src/test/resources/features/actualizar_apodo_geforcenow.feature:11)&#13;
</system-err></testcase></testsuite>