<?xml version="1.0" encoding="UTF-8"?><testsuite errors="1" failures="0" name="Registro en la página de CineColombia" skipped="0" tests="1" time="35.09" timestamp="2025-05-22 07:49:40"><testcase name="Registro exitoso con datos válidos"><error message="The following error occurred: java.net.ConnectException: Failed to connect to localhost/[0:0:0:0:0:0:0:1]:7847&#10;Build info: version: '3.141.59', revision: 'e82be7d358', time: '2018-11-14T08:17:03'&#10;System info: host: 'DESKTOP-B3CLJBI', ip: '192.168.237.28', os.name: 'Windows 10', os.arch: 'amd64', os.version: '10.0', java.version: '15.0.1'&#10;Driver info: driver.version: RemoteWebDriver" type="org.openqa.selenium.WebDriverException">The following error occurred: java.net.ConnectException: Failed to connect to localhost/[0:0:0:0:0:0:0:1]:7847
Build info: version: '3.141.59', revision: 'e82be7d358', time: '2018-11-14T08:17:03'
System info: host: 'DESKTOP-B3CLJBI', ip: '192.168.237.28', os.name: 'Windows 10', os.arch: 'amd64', os.version: '10.0', java.version: '15.0.1'
Driver info: driver.version: RemoteWebDriver</error><system-err>The following error occurred: java.net.ConnectException:
    Failed to connect to localhost/[0:0:0:0:0:0:0:1]:7847
    Build info: version: '3.141.59', revision: 'e82be7d358', time: '2018-11-14T08:17:03'
    System info: host: 'DESKTOP-B3CLJBI', ip: '192.168.237.28', os.name: 'Windows 10', os.arch: 'amd64', os.version:
    '10.0', java.version: '15.0.1'
    Driver info: driver.version: RemoteWebDriver&#13;
    co.com.AutoGfn.tasks.IniciarSesionGfn.performAs(RegistrarUsuario.java:28)&#13;
    co.com.AutoGfn.stepsdefinitions.GeforceNowStepDefinitions.completoElFormularioCon(RegistroStepDefinitions.java:28)&#13;
    cucumber.runner.Runner.runPickle(Runner.java:80)&#13;
    worker.org.gradle.process.internal.worker.GradleWorkerMain.run(GradleWorkerMain.java:69)&#13;
    worker.org.gradle.process.internal.worker.GradleWorkerMain.main(GradleWorkerMain.java:74)&#13;
</system-err></testcase></testsuite>