<?xml version="1.0" encoding="UTF-8"?><testsuite errors="0" failures="1" name="Registro en la página de CineColombia" skipped="0" tests="1" time="26.0" timestamp="2025-05-20 08:25:55"><testcase name="Verificar el registro exitoso en la página de CineColombia"><failure message="Expected enabled element was not enabled" type="net.thucydides.core.webdriver.exceptions.ElementShouldBeEnabledException">Expected enabled element was not enabled</failure><system-err>Expected
    enabled element was not enabled&#13;
    co.com.AutoGfn.tasks.IniciarSesionGfn.performAs(RegistrarUsuario.java:32)&#13;
    co.com.AutoGfn.stepsdefinitions.GeforceNowStepDefinitions.elUsuarioDiligenciaTodosLosCamposDelFormularioDeRegistro(RegistroStepDefinitions.java:28)&#13;
    cucumber.runner.Runner.runPickle(Runner.java:80)&#13;
    worker.org.gradle.process.internal.worker.GradleWorkerMain.run(GradleWorkerMain.java:69)&#13;
    worker.org.gradle.process.internal.worker.GradleWorkerMain.main(GradleWorkerMain.java:74)&#13;
</system-err></testcase></testsuite>